0 info it worked if it ends with ok
1 verbose cli [
1 verbose cli   '/Users/haydenbraxton/.nvm/versions/node/v12.18.3/bin/node',
1 verbose cli   '/Users/haydenbraxton/.nvm/versions/node/v12.18.3/bin/npm',
1 verbose cli   'run',
1 verbose cli   'test'
1 verbose cli ]
2 info using npm@6.14.6
3 info using node@v12.18.3
4 verbose run-script [ 'pretest', 'test', 'posttest' ]
5 info lifecycle jest-dom-angular-issue@0.0.0~pretest: jest-dom-angular-issue@0.0.0
6 info lifecycle jest-dom-angular-issue@0.0.0~test: jest-dom-angular-issue@0.0.0
7 verbose lifecycle jest-dom-angular-issue@0.0.0~test: unsafe-perm in lifecycle true
8 verbose lifecycle jest-dom-angular-issue@0.0.0~test: PATH: /Users/haydenbraxton/.nvm/versions/node/v12.18.3/lib/node_modules/npm/node_modules/npm-lifecycle/node-gyp-bin:/Users/haydenbraxton/Projects/contrib/jest-dom-angular-issue/node_modules/.bin:/Users/haydenbraxton/.nvm/versions/node/v12.18.3/bin:/Users/haydenbraxton/Projects/sonar/server/bin/macosx-universal-64:/Users/haydenbraxton/Applications/Bento4-SDK/bin:/Users/haydenbraxton/Projects/sonar/scanner/bin:/Users/haydenbraxton/bin:/usr/local/Cellar/python/2.7.13_1/bin:/usr/local/bin/bob:/usr/local/lib/node_modules/cordova/bin:/usr/local/bin:/usr/local/sbin:/Users/haydenbraxton/bin:/usr/local/bin:/usr/bin:/bin:/usr/sbin:/sbin:/Library/TeX/texbin:/usr/local/share/dotnet:/Library/Frameworks/Mono.framework/Versions/Current/Commands
9 verbose lifecycle jest-dom-angular-issue@0.0.0~test: CWD: /Users/haydenbraxton/Projects/contrib/jest-dom-angular-issue
10 silly lifecycle jest-dom-angular-issue@0.0.0~test: Args: [ '-c', 'jest --config ./jest.config.js' ]
11 silly lifecycle jest-dom-angular-issue@0.0.0~test: Returned: code: 1  signal: null
12 info lifecycle jest-dom-angular-issue@0.0.0~test: Failed to exec test script
13 verbose stack Error: jest-dom-angular-issue@0.0.0 test: `jest --config ./jest.config.js`
13 verbose stack Exit status 1
13 verbose stack     at EventEmitter.<anonymous> (/Users/haydenbraxton/.nvm/versions/node/v12.18.3/lib/node_modules/npm/node_modules/npm-lifecycle/index.js:332:16)
13 verbose stack     at EventEmitter.emit (events.js:315:20)
13 verbose stack     at ChildProcess.<anonymous> (/Users/haydenbraxton/.nvm/versions/node/v12.18.3/lib/node_modules/npm/node_modules/npm-lifecycle/lib/spawn.js:55:14)
13 verbose stack     at ChildProcess.emit (events.js:315:20)
13 verbose stack     at maybeClose (internal/child_process.js:1021:16)
13 verbose stack     at Process.ChildProcess._handle.onexit (internal/child_process.js:286:5)
14 verbose pkgid jest-dom-angular-issue@0.0.0
15 verbose cwd /Users/haydenbraxton/Projects/contrib/jest-dom-angular-issue
16 verbose Darwin 18.7.0
17 verbose argv "/Users/haydenbraxton/.nvm/versions/node/v12.18.3/bin/node" "/Users/haydenbraxton/.nvm/versions/node/v12.18.3/bin/npm" "run" "test"
18 verbose node v12.18.3
19 verbose npm  v6.14.6
20 error code ELIFECYCLE
21 error errno 1
22 error jest-dom-angular-issue@0.0.0 test: `jest --config ./jest.config.js`
22 error Exit status 1
23 error Failed at the jest-dom-angular-issue@0.0.0 test script.
23 error This is probably not a problem with npm. There is likely additional logging output above.
24 verbose exit [ 1, true ]
